This is pdfTeX, Version 3.141592653-2.6-1.40.24 (MiKTeX 21.12.10) (preloaded format=pdflatex 2021.12.30)  3 JAN 2022 12:02
entering extended mode
 restricted \write18 enabled.
 file:line:error style messages enabled.
 %&-line parsing enabled.
**/Users/raca/Desktop/cuop2021/jmp-minitab/intro.tex
(/Users/raca/Desktop/cuop2021/jmp-minitab/intro.tex
LaTeX2e <2021-11-15> patch level 1
L3 programming layer <2021-11-22> (/Library/Application Support/MiKTeX/texmfs/install/tex/latex/base/article.cls
Document Class: article 2021/10/04 v1.4n Standard LaTeX document class
(/Library/Application Support/MiKTeX/texmfs/install/tex/latex/base/size10.clo
File: size10.clo 2021/10/04 v1.4n Standard LaTeX file (size option)
)
\c@part=\count183
\c@section=\count184
\c@subsection=\count185
\c@subsubsection=\count186
\c@paragraph=\count187
\c@subparagraph=\count188
\c@figure=\count189
\c@table=\count190
\abovecaptionskip=\skip47
\belowcaptionskip=\skip48
\bibindent=\dimen138
) (/Library/Application Support/MiKTeX/texmfs/install/tex/latex/amsmath/amsmath.sty
Package: amsmath 2021/10/15 v2.17l AMS math features
\@mathmargin=\skip49

For additional information on amsmath, use the `?' option.
(/Library/Application Support/MiKTeX/texmfs/install/tex/latex/amsmath/amstext.sty
Package: amstext 2021/08/26 v2.01 AMS text
 (/Library/Application Support/MiKTeX/texmfs/install/tex/latex/amsmath/amsgen.sty
File: amsgen.sty 1999/11/30 v2.0 generic functions
\@emptytoks=\toks16
\ex@=\dimen139
)) (/Library/Application Support/MiKTeX/texmfs/install/tex/latex/amsmath/amsbsy.sty
Package: amsbsy 1999/11/29 v1.2d Bold Symbols
\pmbraise@=\dimen140
) (/Library/Application Support/MiKTeX/texmfs/install/tex/latex/amsmath/amsopn.sty
Package: amsopn 2021/08/26 v2.02 operator names
)
\inf@bad=\count191
LaTeX Info: Redefining \frac on input line 234.
\uproot@=\count192
\leftroot@=\count193
LaTeX Info: Redefining \overline on input line 399.
\classnum@=\count194
\DOTSCASE@=\count195
LaTeX Info: Redefining \ldots on input line 496.
LaTeX Info: Redefining \dots on input line 499.
LaTeX Info: Redefining \cdots on input line 620.
\Mathstrutbox@=\box50
\strutbox@=\box51
\big@size=\dimen141
LaTeX Font Info:    Redeclaring font encoding OML on input line 743.
LaTeX Font Info:    Redeclaring font encoding OMS on input line 744.
\macc@depth=\count196
\c@MaxMatrixCols=\count197
\dotsspace@=\muskip16
\c@parentequation=\count198
\dspbrk@lvl=\count199
\tag@help=\toks17
\row@=\count266
\column@=\count267
\maxfields@=\count268
\andhelp@=\toks18
\eqnshift@=\dimen142
\alignsep@=\dimen143
\tagshift@=\dimen144
\tagwidth@=\dimen145
\totwidth@=\dimen146
\lineht@=\dimen147
\@envbody=\toks19
\multlinegap=\skip50
\multlinetaggap=\skip51
\mathdisplay@stack=\toks20
LaTeX Info: Redefining \[ on input line 2938.
LaTeX Info: Redefining \] on input line 2939.
) (/Library/Application Support/MiKTeX/texmfs/install/tex/latex/amsfonts/amssymb.sty
Package: amssymb 2013/01/14 v3.01 AMS font symbols
 (/Library/Application Support/MiKTeX/texmfs/install/tex/latex/amsfonts/amsfonts.sty
Package: amsfonts 2013/01/14 v3.01 Basic AMSFonts support
\symAMSa=\mathgroup4
\symAMSb=\mathgroup5
LaTeX Font Info:    Redeclaring math symbol \hbar on input line 98.
LaTeX Font Info:    Overwriting math alphabet `\mathfrak' in version `bold'
(Font)                  U/euf/m/n --> U/euf/b/n on input line 106.
)) (/Users/raca/Library/Application Support/MiKTeX/texmfs/install/tex/latex/multirow/multirow.sty
Package: multirow 2021/03/15 v2.8 Span multiple rows of a table
\multirow@colwidth=\skip52
\multirow@cntb=\count269
\multirow@dima=\skip53
\bigstrutjot=\dimen148
) (/Library/Application Support/MiKTeX/texmfs/install/tex/latex/graphics/graphicx.sty
Package: graphicx 2021/09/16 v1.2d Enhanced LaTeX Graphics (DPC,SPQR)
 (/Library/Application Support/MiKTeX/texmfs/install/tex/latex/graphics/keyval.sty
Package: keyval 2014/10/28 v1.15 key=value parser (DPC)
\KV@toks@=\toks21
) (/Library/Application Support/MiKTeX/texmfs/install/tex/latex/graphics/graphics.sty
Package: graphics 2021/03/04 v1.4d Standard LaTeX Graphics (DPC,SPQR)
 (/Library/Application Support/MiKTeX/texmfs/install/tex/latex/graphics/trig.sty
Package: trig 2021/08/11 v1.11 sin cos tan (DPC)
) (/Library/Application Support/MiKTeX/texmfs/install/tex/latex/graphics-cfg/graphics.cfg
File: graphics.cfg 2016/06/04 v1.11 sample graphics configuration
)
Package graphics Info: Driver file: pdftex.def on input line 107.
 (/Library/Application Support/MiKTeX/texmfs/install/tex/latex/graphics-def/pdftex.def
File: pdftex.def 2020/10/05 v1.2a Graphics/color driver for pdftex
))
\Gin@req@height=\dimen149
\Gin@req@width=\dimen150
) (/Users/raca/Library/Application Support/MiKTeX/texmfs/install/tex/latex/cjk-ko/kotex.sty
Package: kotex 2015/04/19 v1.6 Korean TeX (ko.TeX)
 (/Users/raca/Library/Application Support/MiKTeX/texmfs/install/tex/latex/kotex-utf/kotex.cfg) (/Users/raca/Library/Application Support/MiKTeX/texmfs/install/tex/latex/kotex-utf/kotexutf.sty
Package: kotexutf 2015/07/18 v2.1.1 typesetting UTF-8 Korean documents
 (/Library/Application Support/MiKTeX/texmfs/install/tex/latex/base/inputenc.sty
Package: inputenc 2021/02/14 v1.3d Input encoding file
\inpenc@prehook=\toks22
\inpenc@posthook=\toks23
) (/Users/raca/Library/Application Support/MiKTeX/texmfs/install/tex/plain/kotex-plain/kotexutf-core.tex
\unih@ngulpoint=\count270
\dhucs@emph@raise=\dimen151
)
Now handling font encoding LUC ...
... processing UTF-8 mapping file for font encoding LUC
 (/Users/raca/Library/Application Support/MiKTeX/texmfs/install/tex/latex/kotex-utf/lucenc.dfu
File: lucenc.dfu 2007/09/05 UTF-8 support for dhucs
   defining Unicode char U+00B7 (decimal 183)
   defining Unicode char U+2018 (decimal 8216)
   defining Unicode char U+2019 (decimal 8217)
   defining Unicode char U+201C (decimal 8220)
   defining Unicode char U+201D (decimal 8221)
   defining Unicode char U+3001 (decimal 12289)
   defining Unicode char U+3002 (decimal 12290)
   defining Unicode char U+3008 (decimal 12296)
   defining Unicode char U+3009 (decimal 12297)
   defining Unicode char U+300A (decimal 12298)
   defining Unicode char U+300B (decimal 12299)
   defining Unicode char U+300C (decimal 12300)
   defining Unicode char U+300D (decimal 12301)
   defining Unicode char U+300E (decimal 12302)
   defining Unicode char U+300F (decimal 12303)
   defining Unicode char U+3010 (decimal 12304)
   defining Unicode char U+3011 (decimal 12305)
   defining Unicode char U+3014 (decimal 12308)
   defining Unicode char U+3015 (decimal 12309)
   defining Unicode char U+3016 (decimal 12310)
   defining Unicode char U+3017 (decimal 12311)
   defining Unicode char U+3018 (decimal 12312)
   defining Unicode char U+3019 (decimal 12313)
   defining Unicode char U+301A (decimal 12314)
   defining Unicode char U+301B (decimal 12315)
   defining Unicode char U+FF01 (decimal 65281)
   defining Unicode char U+FF08 (decimal 65288)
   defining Unicode char U+FF09 (decimal 65289)
   defining Unicode char U+FF0C (decimal 65292)
   defining Unicode char U+FF0E (decimal 65294)
   defining Unicode char U+FF1A (decimal 65306)
   defining Unicode char U+FF1B (decimal 65307)
   defining Unicode char U+FF1C (decimal 65308)
   defining Unicode char U+FF1D (decimal 65309)
   defining Unicode char U+FF1E (decimal 65310)
   defining Unicode char U+FF1F (decimal 65311)
   defining Unicode char U+FF3B (decimal 65339)
   defining Unicode char U+FF3D (decimal 65341)
   defining Unicode char U+FF5B (decimal 65371)
   defining Unicode char U+FF5D (decimal 65373)
   defining Unicode char U+FF61 (decimal 65377)
   defining Unicode char U+FF62 (decimal 65378)
   defining Unicode char U+FF63 (decimal 65379)
   defining Unicode char U+FF64 (decimal 65380)
   defining Unicode char U+FF65 (decimal 65381)
)
\@josa=\count271
\josatoks=\toks24
 (/Users/raca/Library/Application Support/MiKTeX/texmfs/install/tex/latex/cjk-ko/kolabels-utf.sty
Package: kolabels-utf 2015/03/20 v1.5 UTF-8 Hangul item labels
))) (/Library/Application Support/MiKTeX/texmfs/install/tex/latex/l3backend/l3backend-pdftex.def
File: l3backend-pdftex.def 2021-12-14 L3 backend support: PDF output (pdfTeX)
\l__color_backend_stack_int=\count272
\l__pdf_internal_box=\box52
) (intro.aux)
\openout1 = `intro.aux'.

LaTeX Font Info:    Checking defaults for OML/cmm/m/it on input line 9.
LaTeX Font Info:    ... okay on input line 9.
LaTeX Font Info:    Checking defaults for OMS/cmsy/m/n on input line 9.
LaTeX Font Info:    ... okay on input line 9.
LaTeX Font Info:    Checking defaults for OT1/cmr/m/n on input line 9.
LaTeX Font Info:    ... okay on input line 9.
LaTeX Font Info:    Checking defaults for T1/cmr/m/n on input line 9.
LaTeX Font Info:    ... okay on input line 9.
LaTeX Font Info:    Checking defaults for TS1/cmr/m/n on input line 9.
LaTeX Font Info:    ... okay on input line 9.
LaTeX Font Info:    Checking defaults for OMX/cmex/m/n on input line 9.
LaTeX Font Info:    ... okay on input line 9.
LaTeX Font Info:    Checking defaults for U/cmr/m/n on input line 9.
LaTeX Font Info:    ... okay on input line 9.
LaTeX Font Info:    Checking defaults for LUC/nanummj/m/n on input line 9.
LaTeX Font Info:    Trying to load font information for LUC+nanummj on input line 9.
 (/Users/raca/Library/Application Support/MiKTeX/texmfs/install/tex/latex/nanumtype1/lucnanummj.fd
File: lucnanummj.fd 2013/02/12 v0.1 Nanum Myeongjo font definitions
)
LaTeX Font Info:    ... okay on input line 9.
 (/Library/Application Support/MiKTeX/texmfs/install/tex/context/base/mkii/supp-pdf.mkii
[Loading MPS to PDF converter (version 2006.09.02).]
\scratchcounter=\count273
\scratchdimen=\dimen152
\scratchbox=\box53
\nofMPsegments=\count274
\nofMParguments=\count275
\everyMPshowfont=\toks25
\MPscratchCnt=\count276
\MPscratchDim=\dimen153
\MPnumerator=\count277
\makeMPintoPDFobject=\count278
\everyMPtoPDFconversion=\toks26
) (/Library/Application Support/MiKTeX/texmfs/install/tex/latex/epstopdf-pkg/epstopdf-base.sty
Package: epstopdf-base 2020-01-24 v2.11 Base part for package epstopdf
Package epstopdf-base Info: Redefining graphics rule for `.eps' on input line 485.
 (/Library/Application Support/MiKTeX/texmfs/install/tex/latex/00miktex/epstopdf-sys.cfg
File: epstopdf-sys.cfg 2021/03/18 v2.0 Configuration of epstopdf for MiKTeX
))
LaTeX Font Info:    Trying to load font information for U+msa on input line 13.
 (/Library/Application Support/MiKTeX/texmfs/install/tex/latex/amsfonts/umsa.fd
File: umsa.fd 2013/01/14 v3.01 AMS symbols A
)
LaTeX Font Info:    Trying to load font information for U+msb on input line 13.
 (/Library/Application Support/MiKTeX/texmfs/install/tex/latex/amsfonts/umsb.fd
File: umsb.fd 2013/01/14 v3.01 AMS symbols B
) [1

{/Users/raca/Library/Application Support/MiKTeX/texmfs/data/fonts/map/pdftex/pdftex.map}]
<fatorial design.jpg, id=37, 722.7pt x 703.9098pt>
File: fatorial design.jpg Graphic file (type jpg)
<use fatorial design.jpg>
Package pdftex.def Info: fatorial design.jpg  used on input line 45.
(pdftex.def)             Requested size: 216.81166pt x 211.17458pt.
<reactionsurfae.jpg, id=38, 599.23875pt x 630.355pt>
File: reactionsurfae.jpg Graphic file (type jpg)
<use reactionsurfae.jpg>
Package pdftex.def Info: reactionsurfae.jpg  used on input line 47.
(pdftex.def)             Requested size: 179.77301pt x 189.10796pt.
<min3.png, id=39, 839.135pt x 526.96875pt>
File: min3.png Graphic file (type png)
<use min3.png>
Package pdftex.def Info: min3.png  used on input line 52.
(pdftex.def)             Requested size: 419.56647pt x 263.48372pt.
<min2.png, id=41, 759.83875pt x 688.5725pt>
File: min2.png Graphic file (type png)
<use min2.png>
Package pdftex.def Info: min2.png  used on input line 53.
(pdftex.def)             Requested size: 379.91844pt x 344.2854pt.
<box-behnken.png, id=42, 812.03375pt x 658.46pt>
File: box-behnken.png Graphic file (type png)
<use box-behnken.png>
Package pdftex.def Info: box-behnken.png  used on input line 54.
(pdftex.def)             Requested size: 406.01588pt x 329.2292pt.

Overfull \hbox (74.56647pt too wide) in paragraph at lines 50--55
[]
 []


Overfull \hbox (34.91844pt too wide) in paragraph at lines 50--55
[]
 []


Overfull \hbox (61.01588pt too wide) in paragraph at lines 50--55
[] 
 []

[2 <./fatorial design.jpg> <./reactionsurfae.jpg>] [3 <./min3.png>] [4 <./min2.png>]
<jmp2level.png, id=61, 751.80875pt x 427.5975pt>
File: jmp2level.png Graphic file (type png)
<use jmp2level.png>
Package pdftex.def Info: jmp2level.png  used on input line 57.
(pdftex.def)             Requested size: 375.90344pt x 213.79822pt.
<jmpdescretic.png, id=62, 662.475pt x 941.5175pt>
File: jmpdescretic.png Graphic file (type png)
<use jmpdescretic.png>
Package pdftex.def Info: jmpdescretic.png  used on input line 58.
(pdftex.def)             Requested size: 331.2367pt x 470.7576pt.
<boxbenhken.png, id=63, 1311.90125pt x 640.3925pt>
File: boxbenhken.png Graphic file (type png)
<use boxbenhken.png>
Package pdftex.def Info: boxbenhken.png  used on input line 59.
(pdftex.def)             Requested size: 393.57341pt x 192.11923pt.

Overfull \hbox (30.90344pt too wide) in paragraph at lines 56--60
[] 
 []


Overfull \hbox (48.57341pt too wide) in paragraph at lines 56--60
[] 
 []

[5 <./box-behnken.png>] [6 <./jmp2level.png>] [7 <./jmpdescretic.png>] [8 <./boxbenhken.png>] (intro.aux) ) 
Here is how much of TeX's memory you used:
 3128 strings out of 480594
 49335 string characters out of 2896390
 340230 words of memory out of 3000000
 20920 multiletter control sequences out of 15000+600000
 419230 words of font info for 83 fonts, out of 8000000 for 9000
 0 hyphenation exceptions out of 8191
 56i,10n,62p,262b,271s stack positions out of 5000i,500n,10000p,200000b,80000s
 </Users/raca/Library/Application Support/MiKTeX/texmfs/data/fonts/pk/ljfour/jknappen/ec/dpi600/tcrm1000.pk></Library/Application Support/MiKTeX/texmfs/install/fonts/type1/public/amsfonts/cm/cmbx12.pfb></Library/Application Support/MiKTeX/texmfs/install/fonts/type1/public/amsfonts/cm/cmr10.pfb></Library/Application Support/MiKTeX/texmfs/install/fonts/type1/public/amsfonts/cm/cmsy10.pfb></Users/raca/Library/Application Support/MiKTeX/texmfs/install/fonts/type1/public/nanumtype1/nanummjbac.pfb></Users/raca/Library/Application Support/MiKTeX/texmfs/install/fonts/type1/public/nanumtype1/nanummjbb8.pfb></Users/raca/Library/Application Support/MiKTeX/texmfs/install/fonts/type1/public/nanumtype1/nanummjbb9.pfb></Users/raca/Library/Application Support/MiKTeX/texmfs/install/fonts/type1/public/nanumtype1/nanummjbc1.pfb></Users/raca/Library/Application Support/MiKTeX/texmfs/install/fonts/type1/public/nanumtype1/nanummjbc2.pfb></Users/raca/Library/Application Support/MiKTeX/texmfs/install/fonts/type1/public/nanumtype1/nanummjbc6.pfb></Users/raca/Library/Application Support/MiKTeX/texmfs/install/fonts/type1/public/nanumtype1/nanummjbc7.pfb></Users/raca/Library/Application Support/MiKTeX/texmfs/install/fonts/type1/public/nanumtype1/nanummjbd5.pfb></Users/raca/Library/Application Support/MiKTeX/texmfs/install/fonts/type1/public/nanumtype1/nanummjmac.pfb></Users/raca/Library/Application Support/MiKTeX/texmfs/install/fonts/type1/public/nanumtype1/nanummjmad.pfb></Users/raca/Library/Application Support/MiKTeX/texmfs/install/fonts/type1/public/nanumtype1/nanummjmae.pfb></Users/raca/Library/Application Support/MiKTeX/texmfs/install/fonts/type1/public/nanumtype1/nanummjmb0.pfb></Users/raca/Library/Application Support/MiKTeX/texmfs/install/fonts/type1/public/nanumtype1/nanummjmb1.pfb></Users/raca/Library/Application Support/MiKTeX/texmfs/install/fonts/type1/public/nanumtype1/nanummjmb2.pfb></Users/raca/Library/Application Support/MiKTeX/texmfs/install/fonts/type1/public/nanumtype1/nanummjmb3.pfb></Users/raca/Library/Application Support/MiKTeX/texmfs/install/fonts/type1/public/nanumtype1/nanummjmb5.pfb></Users/raca/Library/Application Support/MiKTeX/texmfs/install/fonts/type1/public/nanumtype1/nanummjmb7.pfb></Users/raca/Library/Application Support/MiKTeX/texmfs/install/fonts/type1/public/nanumtype1/nanummjmb8.pfb></Users/raca/Library/Application Support/MiKTeX/texmfs/install/fonts/type1/public/nanumtype1/nanummjmb9.pfb></Users/raca/Library/Application Support/MiKTeX/texmfs/install/fonts/type1/public/nanumtype1/nanummjmba.pfb></Users/raca/Library/Application Support/MiKTeX/texmfs/install/fonts/type1/public/nanumtype1/nanummjmbb.pfb></Users/raca/Library/Application Support/MiKTeX/texmfs/install/fonts/type1/public/nanumtype1/nanummjmbc.pfb></Users/raca/Library/Application Support/MiKTeX/texmfs/install/fonts/type1/public/nanumtype1/nanummjmbd.pfb></Users/raca/Library/Application Support/MiKTeX/texmfs/install/fonts/type1/public/nanumtype1/nanummjmbe.pfb></Users/raca/Library/Application Support/MiKTeX/texmfs/install/fonts/type1/public/nanumtype1/nanummjmc0.pfb></Users/raca/Library/Application Support/MiKTeX/texmfs/install/fonts/type1/public/nanumtype1/nanummjmc1.pfb></Users/raca/Library/Application Support/MiKTeX/texmfs/install/fonts/type1/public/nanumtype1/nanummjmc2.pfb></Users/raca/Library/Application Support/MiKTeX/texmfs/install/fonts/type1/public/nanumtype1/nanummjmc5.pfb></Users/raca/Library/Application Support/MiKTeX/texmfs/install/fonts/type1/public/nanumtype1/nanummjmc6.pfb></Users/raca/Library/Application Support/MiKTeX/texmfs/install/fonts/type1/public/nanumtype1/nanummjmc7.pfb></Users/raca/Library/Application Support/MiKTeX/texmfs/install/fonts/type1/public/nanumtype1/nanummjmc8.pfb></Users/raca/Library/Application Support/MiKTeX/texmfs/install/fonts/type1/public/nanumtype1/nanummjmc9.pfb></Users/raca/Library/Application Support/MiKTeX/texmfs/install/fonts/type1/public/nanumtype1/nanummjmcc.pfb></Users/raca/Library/Application Support/MiKTeX/texmfs/install/fonts/type1/public/nanumtype1/nanummjmcd.pfb></Users/raca/Library/Application Support/MiKTeX/texmfs/install/fonts/type1/public/nanumtype1/nanummjmd0.pfb></Users/raca/Library/Application Support/MiKTeX/texmfs/install/fonts/type1/public/nanumtype1/nanummjmd3.pfb></Users/raca/Library/Application Support/MiKTeX/texmfs/install/fonts/type1/public/nanumtype1/nanummjmd4.pfb></Users/raca/Library/Application Support/MiKTeX/texmfs/install/fonts/type1/public/nanumtype1/nanummjmd5.pfb></Users/raca/Library/Application Support/MiKTeX/texmfs/install/fonts/type1/public/nanumtype1/nanummjmd6.pfb>
Output written on intro.pdf (8 pages, 2432827 bytes).
PDF statistics:
 259 PDF objects out of 1000 (max. 8388607)
 0 named destinations out of 1000 (max. 500000)
 41 words of extra memory for PDF output out of 10000 (max. 10000000)

