This is pdfTeX, Version 3.141592653-2.6-1.40.24 (MiKTeX 21.12.10) (preloaded format=pdflatex 2022.1.5)  5 JAN 2022 17:03
entering extended mode
 restricted \write18 enabled.
 file:line:error style messages enabled.
 %&-line parsing enabled.
**c:/Users/raca/Desktop/cuop2021/jmp-minitab/model.tex
(c:/Users/raca/Desktop/cuop2021/jmp-minitab/model.tex
LaTeX2e <2021-11-15> patch level 1
L3 programming layer <2021-11-22> (C:\Users\raca\AppData\Local\Programs\MiKTeX\tex/latex/base\article.cls
Document Class: article 2021/10/04 v1.4n Standard LaTeX document class
(C:\Users\raca\AppData\Local\Programs\MiKTeX\tex/latex/base\size10.clo
File: size10.clo 2021/10/04 v1.4n Standard LaTeX file (size option)
)
\c@part=\count183
\c@section=\count184
\c@subsection=\count185
\c@subsubsection=\count186
\c@paragraph=\count187
\c@subparagraph=\count188
\c@figure=\count189
\c@table=\count190
\abovecaptionskip=\skip47
\belowcaptionskip=\skip48
\bibindent=\dimen138
) (C:\Users\raca\AppData\Local\Programs\MiKTeX\tex/latex/amsfonts\amssymb.sty
Package: amssymb 2013/01/14 v3.01 AMS font symbols
 (C:\Users\raca\AppData\Local\Programs\MiKTeX\tex/latex/amsfonts\amsfonts.sty
Package: amsfonts 2013/01/14 v3.01 Basic AMSFonts support
\@emptytoks=\toks16
\symAMSa=\mathgroup4
\symAMSb=\mathgroup5
LaTeX Font Info:    Redeclaring math symbol \hbar on input line 98.
LaTeX Font Info:    Overwriting math alphabet `\mathfrak' in version `bold'
(Font)                  U/euf/m/n --> U/euf/b/n on input line 106.
)) (C:\Users\raca\AppData\Local\Programs\MiKTeX\tex/latex/amsmath\amsmath.sty
Package: amsmath 2021/10/15 v2.17l AMS math features
\@mathmargin=\skip49

For additional information on amsmath, use the `?' option.
(C:\Users\raca\AppData\Local\Programs\MiKTeX\tex/latex/amsmath\amstext.sty
Package: amstext 2021/08/26 v2.01 AMS text
 (C:\Users\raca\AppData\Local\Programs\MiKTeX\tex/latex/amsmath\amsgen.sty
File: amsgen.sty 1999/11/30 v2.0 generic functions
\@emptytoks=\toks17
\ex@=\dimen139
)) (C:\Users\raca\AppData\Local\Programs\MiKTeX\tex/latex/amsmath\amsbsy.sty
Package: amsbsy 1999/11/29 v1.2d Bold Symbols
\pmbraise@=\dimen140
) (C:\Users\raca\AppData\Local\Programs\MiKTeX\tex/latex/amsmath\amsopn.sty
Package: amsopn 2021/08/26 v2.02 operator names
)
\inf@bad=\count191
LaTeX Info: Redefining \frac on input line 234.
\uproot@=\count192
\leftroot@=\count193
LaTeX Info: Redefining \overline on input line 399.
\classnum@=\count194
\DOTSCASE@=\count195
LaTeX Info: Redefining \ldots on input line 496.
LaTeX Info: Redefining \dots on input line 499.
LaTeX Info: Redefining \cdots on input line 620.
\Mathstrutbox@=\box50
\strutbox@=\box51
\big@size=\dimen141
LaTeX Font Info:    Redeclaring font encoding OML on input line 743.
LaTeX Font Info:    Redeclaring font encoding OMS on input line 744.
\macc@depth=\count196
\c@MaxMatrixCols=\count197
\dotsspace@=\muskip16
\c@parentequation=\count198
\dspbrk@lvl=\count199
\tag@help=\toks18
\row@=\count266
\column@=\count267
\maxfields@=\count268
\andhelp@=\toks19
\eqnshift@=\dimen142
\alignsep@=\dimen143
\tagshift@=\dimen144
\tagwidth@=\dimen145
\totwidth@=\dimen146
\lineht@=\dimen147
\@envbody=\toks20
\multlinegap=\skip50
\multlinetaggap=\skip51
\mathdisplay@stack=\toks21
LaTeX Info: Redefining \[ on input line 2938.
LaTeX Info: Redefining \] on input line 2939.
) (C:\Users\raca\AppData\Local\Programs\MiKTeX\tex/latex/theoremref\theoremref.sty
Package: theoremref 2013/05/22 References with automatic theorem names
\thmref@num=\count269
) (C:\Users\raca\AppData\Local\Programs\MiKTeX\tex/latex/graphics\graphicx.sty
Package: graphicx 2021/09/16 v1.2d Enhanced LaTeX Graphics (DPC,SPQR)
 (C:\Users\raca\AppData\Local\Programs\MiKTeX\tex/latex/graphics\keyval.sty
Package: keyval 2014/10/28 v1.15 key=value parser (DPC)
\KV@toks@=\toks22
) (C:\Users\raca\AppData\Local\Programs\MiKTeX\tex/latex/graphics\graphics.sty
Package: graphics 2021/03/04 v1.4d Standard LaTeX Graphics (DPC,SPQR)
 (C:\Users\raca\AppData\Local\Programs\MiKTeX\tex/latex/graphics\trig.sty
Package: trig 2021/08/11 v1.11 sin cos tan (DPC)
) (C:\Users\raca\AppData\Local\Programs\MiKTeX\tex/latex/graphics-cfg\graphics.cfg
File: graphics.cfg 2016/06/04 v1.11 sample graphics configuration
)
Package graphics Info: Driver file: pdftex.def on input line 107.
 (C:\Users\raca\AppData\Local\Programs\MiKTeX\tex/latex/graphics-def\pdftex.def
File: pdftex.def 2020/10/05 v1.2a Graphics/color driver for pdftex
))
\Gin@req@height=\dimen148
\Gin@req@width=\dimen149
) (C:\Users\raca\AppData\Local\Programs\MiKTeX\tex/latex/cjk-ko\kotex.sty
Package: kotex 2015/04/19 v1.6 Korean TeX (ko.TeX)
 (C:\Users\raca\AppData\Local\Programs\MiKTeX\tex/latex/kotex-utf\kotex.cfg) (C:\Users\raca\AppData\Local\Programs\MiKTeX\tex/latex/kotex-utf\kotexutf.sty
Package: kotexutf 2015/07/18 v2.1.1 typesetting UTF-8 Korean documents
 (C:\Users\raca\AppData\Local\Programs\MiKTeX\tex/latex/base\inputenc.sty
Package: inputenc 2021/02/14 v1.3d Input encoding file
\inpenc@prehook=\toks23
\inpenc@posthook=\toks24
) (C:\Users\raca\AppData\Local\Programs\MiKTeX\tex/plain/kotex-plain\kotexutf-core.tex
\unih@ngulpoint=\count270
\dhucs@emph@raise=\dimen150
)
Now handling font encoding LUC ...
... processing UTF-8 mapping file for font encoding LUC
 (C:\Users\raca\AppData\Local\Programs\MiKTeX\tex/latex/kotex-utf\lucenc.dfu
File: lucenc.dfu 2007/09/05 UTF-8 support for dhucs
   defining Unicode char U+00B7 (decimal 183)
   defining Unicode char U+2018 (decimal 8216)
   defining Unicode char U+2019 (decimal 8217)
   defining Unicode char U+201C (decimal 8220)
   defining Unicode char U+201D (decimal 8221)
   defining Unicode char U+3001 (decimal 12289)
   defining Unicode char U+3002 (decimal 12290)
   defining Unicode char U+3008 (decimal 12296)
   defining Unicode char U+3009 (decimal 12297)
   defining Unicode char U+300A (decimal 12298)
   defining Unicode char U+300B (decimal 12299)
   defining Unicode char U+300C (decimal 12300)
   defining Unicode char U+300D (decimal 12301)
   defining Unicode char U+300E (decimal 12302)
   defining Unicode char U+300F (decimal 12303)
   defining Unicode char U+3010 (decimal 12304)
   defining Unicode char U+3011 (decimal 12305)
   defining Unicode char U+3014 (decimal 12308)
   defining Unicode char U+3015 (decimal 12309)
   defining Unicode char U+3016 (decimal 12310)
   defining Unicode char U+3017 (decimal 12311)
   defining Unicode char U+3018 (decimal 12312)
   defining Unicode char U+3019 (decimal 12313)
   defining Unicode char U+301A (decimal 12314)
   defining Unicode char U+301B (decimal 12315)
   defining Unicode char U+FF01 (decimal 65281)
   defining Unicode char U+FF08 (decimal 65288)
   defining Unicode char U+FF09 (decimal 65289)
   defining Unicode char U+FF0C (decimal 65292)
   defining Unicode char U+FF0E (decimal 65294)
   defining Unicode char U+FF1A (decimal 65306)
   defining Unicode char U+FF1B (decimal 65307)
   defining Unicode char U+FF1C (decimal 65308)
   defining Unicode char U+FF1D (decimal 65309)
   defining Unicode char U+FF1E (decimal 65310)
   defining Unicode char U+FF1F (decimal 65311)
   defining Unicode char U+FF3B (decimal 65339)
   defining Unicode char U+FF3D (decimal 65341)
   defining Unicode char U+FF5B (decimal 65371)
   defining Unicode char U+FF5D (decimal 65373)
   defining Unicode char U+FF61 (decimal 65377)
   defining Unicode char U+FF62 (decimal 65378)
   defining Unicode char U+FF63 (decimal 65379)
   defining Unicode char U+FF64 (decimal 65380)
   defining Unicode char U+FF65 (decimal 65381)
)
\@josa=\count271
\josatoks=\toks25
 (C:\Users\raca\AppData\Local\Programs\MiKTeX\tex/latex/cjk-ko\kolabels-utf.sty
Package: kolabels-utf 2015/03/20 v1.5 UTF-8 Hangul item labels
)))
\c@assumption=\count272
 (C:\Users\raca\AppData\Local\Programs\MiKTeX\tex/latex/l3backend\l3backend-pdftex.def
File: l3backend-pdftex.def 2021-12-14 L3 backend support: PDF output (pdfTeX)
\l__color_backend_stack_int=\count273
\l__pdf_internal_box=\box52
) (model.aux)
\openout1 = `model.aux'.

LaTeX Font Info:    Checking defaults for OML/cmm/m/it on input line 8.
LaTeX Font Info:    ... okay on input line 8.
LaTeX Font Info:    Checking defaults for OMS/cmsy/m/n on input line 8.
LaTeX Font Info:    ... okay on input line 8.
LaTeX Font Info:    Checking defaults for OT1/cmr/m/n on input line 8.
LaTeX Font Info:    ... okay on input line 8.
LaTeX Font Info:    Checking defaults for T1/cmr/m/n on input line 8.
LaTeX Font Info:    ... okay on input line 8.
LaTeX Font Info:    Checking defaults for TS1/cmr/m/n on input line 8.
LaTeX Font Info:    ... okay on input line 8.
LaTeX Font Info:    Checking defaults for OMX/cmex/m/n on input line 8.
LaTeX Font Info:    ... okay on input line 8.
LaTeX Font Info:    Checking defaults for U/cmr/m/n on input line 8.
LaTeX Font Info:    ... okay on input line 8.
LaTeX Font Info:    Checking defaults for LUC/nanummj/m/n on input line 8.
LaTeX Font Info:    Trying to load font information for LUC+nanummj on input line 8.
 (C:\Users\raca\AppData\Local\Programs\MiKTeX\tex/latex/nanumtype1\lucnanummj.fd
File: lucnanummj.fd 2013/02/12 v0.1 Nanum Myeongjo font definitions
)
LaTeX Font Info:    ... okay on input line 8.
 (C:\Users\raca\AppData\Local\Programs\MiKTeX\tex/context/base/mkii\supp-pdf.mkii
[Loading MPS to PDF converter (version 2006.09.02).]
\scratchcounter=\count274
\scratchdimen=\dimen151
\scratchbox=\box53
\nofMPsegments=\count275
\nofMParguments=\count276
\everyMPshowfont=\toks26
\MPscratchCnt=\count277
\MPscratchDim=\dimen152
\MPnumerator=\count278
\makeMPintoPDFobject=\count279
\everyMPtoPDFconversion=\toks27
) (C:\Users\raca\AppData\Local\Programs\MiKTeX\tex/latex/epstopdf-pkg\epstopdf-base.sty
Package: epstopdf-base 2020-01-24 v2.11 Base part for package epstopdf
Package epstopdf-base Info: Redefining graphics rule for `.eps' on input line 485.
 (C:\Users\raca\AppData\Local\Programs\MiKTeX\tex/latex/00miktex\epstopdf-sys.cfg
File: epstopdf-sys.cfg 2021/03/18 v2.0 Configuration of epstopdf for MiKTeX
))
LaTeX Font Info:    Trying to load font information for U+msa on input line 10.
 (C:\Users\raca\AppData\Local\Programs\MiKTeX\tex/latex/amsfonts\umsa.fd
File: umsa.fd 2013/01/14 v3.01 AMS symbols A
)
LaTeX Font Info:    Trying to load font information for U+msb on input line 10.
 (C:\Users\raca\AppData\Local\Programs\MiKTeX\tex/latex/amsfonts\umsb.fd
File: umsb.fd 2013/01/14 v3.01 AMS symbols B
)
LaTeX Font Info:    Font shape `LUC/nanummj/m/it' in size <10> not available
(Font)              Font shape `LUC/nanummj/m/sl' tried instead on input line 23.
<Figure1.png, id=1, 462.528pt x 346.896pt>
File: Figure1.png Graphic file (type png)
<use Figure1.png>
Package pdftex.def Info: Figure1.png  used on input line 49.
(pdftex.def)             Requested size: 462.52686pt x 346.89514pt.
<Figure2.png, id=3, 462.528pt x 346.896pt>
File: Figure2.png Graphic file (type png)
<use Figure2.png>
Package pdftex.def Info: Figure2.png  used on input line 50.
(pdftex.def)             Requested size: 462.52686pt x 346.89514pt.

Overfull \hbox (117.52686pt too wide) in paragraph at lines 47--51
[] 
 []


Overfull \hbox (117.52686pt too wide) in paragraph at lines 47--51
[] 
 []

[1

{C:/Users/raca/AppData/Local/MiKTeX/fonts/map/pdftex/pdftex.map}] [2 <./Figure1.png>] [3 <./Figure2.png>] (model.aux) ) 
Here is how much of TeX's memory you used:
 3127 strings out of 478659
 48532 string characters out of 2846395
 351035 words of memory out of 3000000
 21140 multiletter control sequences out of 15000+600000
 426422 words of font info for 102 fonts, out of 8000000 for 9000
 1141 hyphenation exceptions out of 8191
 56i,15n,62p,454b,211s stack positions out of 5000i,500n,10000p,200000b,80000s
<C:/Users/raca/AppData/Local/Programs/MiKTeX/fonts/type1/public/amsfonts/cm/cmbx10.pfb><C:/Users/raca/AppData/Local/Programs/MiKTeX/fonts/type1/public/amsfonts/cm/cmbx12.pfb><C:/Users/raca/AppData/Local/Programs/MiKTeX/fonts/type1/public/amsfonts/cm/cmex10.pfb><C:/Users/raca/AppData/Local/Programs/MiKTeX/fonts/type1/public/amsfonts/cm/cmmi10.pfb><C:/Users/raca/AppData/Local/Programs/MiKTeX/fonts/type1/public/amsfonts/cm/cmmi7.pfb><C:/Users/raca/AppData/Local/Programs/MiKTeX/fonts/type1/public/amsfonts/cm/cmr10.pfb><C:/Users/raca/AppData/Local/Programs/MiKTeX/fonts/type1/public/amsfonts/cm/cmr7.pfb><C:/Users/raca/AppData/Local/Programs/MiKTeX/fonts/type1/public/amsfonts/cm/cmsy10.pfb><C:/Users/raca/AppData/Local/Programs/MiKTeX/fonts/type1/public/amsfonts/cm/cmti10.pfb><C:/Users/raca/AppData/Local/Programs/MiKTeX/fonts/type1/public/nanumtype1/nanummjbba.pfb><C:/Users/raca/AppData/Local/Programs/MiKTeX/fonts/type1/public/nanumtype1/nanummjbc2.pfb><C:/Users/raca/AppData/Local/Programs/MiKTeX/fonts/type1/public/nanumtype1/nanummjbd5.pfb><C:/Users/raca/AppData/Local/Programs/MiKTeX/fonts/type1/public/nanumtype1/nanummjbd6.pfb><C:/Users/raca/AppData/Local/Programs/MiKTeX/fonts/type1/public/nanumtype1/nanummjmac.pfb><C:/Users/raca/AppData/Local/Programs/MiKTeX/fonts/type1/public/nanumtype1/nanummjmac.pfb><C:/Users/raca/AppData/Local/Programs/MiKTeX/fonts/type1/public/nanumtype1/nanummjmae.pfb><C:/Users/raca/AppData/Local/Programs/MiKTeX/fonts/type1/public/nanumtype1/nanummjmae.pfb><C:/Users/raca/AppData/Local/Programs/MiKTeX/fonts/type1/public/nanumtype1/nanummjmb0.pfb><C:/Users/raca/AppData/Local/Programs/MiKTeX/fonts/type1/public/nanumtype1/nanummjmb0.pfb><C:/Users/raca/AppData/Local/Programs/MiKTeX/fonts/type1/public/nanumtype1/nanummjmb1.pfb><C:/Users/raca/AppData/Local/Programs/MiKTeX/fonts/type1/public/nanumtype1/nanummjmb1.pfb><C:/Users/raca/AppData/Local/Programs/MiKTeX/fonts/type1/public/nanumtype1/nanummjmb2.pfb><C:/Users/raca/AppData/Local/Programs/MiKTeX/fonts/type1/public/nanumtype1/nanummjmb2.pfb><C:/Users/raca/AppData/Local/Programs/MiKTeX/fonts/type1/public/nanumtype1/nanummjmb3.pfb><C:/Users/raca/AppData/Local/Programs/MiKTeX/fonts/type1/public/nanumtype1/nanummjmb3.pfb><C:/Users/raca/AppData/Local/Programs/MiKTeX/fonts/type1/public/nanumtype1/nanummjmb4.pfb><C:/Users/raca/AppData/Local/Programs/MiKTeX/fonts/type1/public/nanumtype1/nanummjmb4.pfb><C:/Users/raca/AppData/Local/Programs/MiKTeX/fonts/type1/public/nanumtype1/nanummjmb5.pfb><C:/Users/raca/AppData/Local/Programs/MiKTeX/fonts/type1/public/nanumtype1/nanummjmb5.pfb><C:/Users/raca/AppData/Local/Programs/MiKTeX/fonts/type1/public/nanumtype1/nanummjmb7.pfb><C:/Users/raca/AppData/Local/Programs/MiKTeX/fonts/type1/public/nanumtype1/nanummjmb7.pfb><C:/Users/raca/AppData/Local/Programs/MiKTeX/fonts/type1/public/nanumtype1/nanummjmb8.pfb><C:/Users/raca/AppData/Local/Programs/MiKTeX/fonts/type1/public/nanumtype1/nanummjmb8.pfb><C:/Users/raca/AppData/Local/Programs/MiKTeX/fonts/type1/public/nanumtype1/nanummjmb9.pfb><C:/Users/raca/AppData/Local/Programs/MiKTeX/fonts/type1/public/nanumtype1/nanummjmb9.pfb><C:/Users/raca/AppData/Local/Programs/MiKTeX/fonts/type1/public/nanumtype1/nanummjmba.pfb><C:/Users/raca/AppData/Local/Programs/MiKTeX/fonts/type1/public/nanumtype1/nanummjmbb.pfb><C:/Users/raca/AppData/Local/Programs/MiKTeX/fonts/type1/public/nanumtype1/nanummjmbb.pfb><C:/Users/raca/AppData/Local/Programs/MiKTeX/fonts/type1/public/nanumtype1/nanummjmbc.pfb><C:/Users/raca/AppData/Local/Programs/MiKTeX/fonts/type1/public/nanumtype1/nanummjmbd.pfb><C:/Users/raca/AppData/Local/Programs/MiKTeX/fonts/type1/public/nanumtype1/nanummjmc0.pfb><C:/Users/raca/AppData/Local/Programs/MiKTeX/fonts/type1/public/nanumtype1/nanummjmc1.pfb><C:/Users/raca/AppData/Local/Programs/MiKTeX/fonts/type1/public/nanumtype1/nanummjmc1.pfb><C:/Users/raca/AppData/Local/Programs/MiKTeX/fonts/type1/public/nanumtype1/nanummjmc2.pfb><C:/Users/raca/AppData/Local/Programs/MiKTeX/fonts/type1/public/nanumtype1/nanummjmc2.pfb><C:/Users/raca/AppData/Local/Programs/MiKTeX/fonts/type1/public/nanumtype1/nanummjmc5.pfb><C:/Users/raca/AppData/Local/Programs/MiKTeX/fonts/type1/public/nanumtype1/nanummjmc5.pfb><C:/Users/raca/AppData/Local/Programs/MiKTeX/fonts/type1/public/nanumtype1/nanummjmc6.pfb><C:/Users/raca/AppData/Local/Programs/MiKTeX/fonts/type1/public/nanumtype1/nanummjmc6.pfb><C:/Users/raca/AppData/Local/Programs/MiKTeX/fonts/type1/public/nanumtype1/nanummjmc7.pfb><C:/Users/raca/AppData/Local/Programs/MiKTeX/fonts/type1/public/nanumtype1/nanummjmc7.pfb><C:/Users/raca/AppData/Local/Programs/MiKTeX/fonts/type1/public/nanumtype1/nanummjmc8.pfb><C:/Users/raca/AppData/Local/Programs/MiKTeX/fonts/type1/public/nanumtype1/nanummjmc8.pfb><C:/Users/raca/AppData/Local/Programs/MiKTeX/fonts/type1/public/nanumtype1/nanummjmc9.pfb><C:/Users/raca/AppData/Local/Programs/MiKTeX/fonts/type1/public/nanumtype1/nanummjmc9.pfb><C:/Users/raca/AppData/Local/Programs/MiKTeX/fonts/type1/public/nanumtype1/nanummjmcc.pfb><C:/Users/raca/AppData/Local/Programs/MiKTeX/fonts/type1/public/nanumtype1/nanummjmcd.pfb><C:/Users/raca/AppData/Local/Programs/MiKTeX/fonts/type1/public/nanumtype1/nanummjmcd.pfb><C:/Users/raca/AppData/Local/Programs/MiKTeX/fonts/type1/public/nanumtype1/nanummjmce.pfb><C:/Users/raca/AppData/Local/Programs/MiKTeX/fonts/type1/public/nanumtype1/nanummjmd0.pfb><C:/Users/raca/AppData/Local/Programs/MiKTeX/fonts/type1/public/nanumtype1/nanummjmd0.pfb><C:/Users/raca/AppData/Local/Programs/MiKTeX/fonts/type1/public/nanumtype1/nanummjmd3.pfb><C:/Users/raca/AppData/Local/Programs/MiKTeX/fonts/type1/public/nanumtype1/nanummjmd3.pfb><C:/Users/raca/AppData/Local/Programs/MiKTeX/fonts/type1/public/nanumtype1/nanummjmd4.pfb><C:/Users/raca/AppData/Local/Programs/MiKTeX/fonts/type1/public/nanumtype1/nanummjmd5.pfb><C:/Users/raca/AppData/Local/Programs/MiKTeX/fonts/type1/public/nanumtype1/nanummjmd5.pfb><C:/Users/raca/AppData/Local/Programs/MiKTeX/fonts/type1/public/nanumtype1/nanummjmd6.pfb><C:/Users/raca/AppData/Local/Programs/MiKTeX/fonts/type1/public/nanumtype1/nanummjmd6.pfb><C:/Users/raca/AppData/Local/Programs/MiKTeX/fonts/type1/public/nanumtype1/nanummjmd7.pfb><C:/Users/raca/AppData/Local/Programs/MiKTeX/fonts/type1/public/nanumtype1/nanummjmd7.pfb>
Output written on model.pdf (3 pages, 2816110 bytes).
PDF statistics:
 367 PDF objects out of 1000 (max. 8388607)
 0 named destinations out of 1000 (max. 500000)
 11 words of extra memory for PDF output out of 10000 (max. 10000000)

